<?xml version="1.0" encoding="UTF-8"?>
<!-- Generated by org.testng.reporters.JUnitReportReporter -->
<testsuite hostname="harshi" name="restassure.trello" tests="1" failures="0" timestamp="15 Nov 2022 08:06:11 GMT" time="9.768" errors="0">
  <testcase name="create" time="9.768" classname="restassure.trello"/>
</testsuite> <!-- restassure.trello -->
