<?xml version="1.0" encoding="UTF-8"?>
<!-- Generated by org.testng.reporters.JUnitReportReporter -->
<testsuite hostname="harshi" name="restassure.ecommerse" tests="2" failures="0" timestamp="17 Nov 2022 04:38:14 GMT" time="9.572" errors="0">
  <testcase name="getallusers1" time="8.212" classname="restassure.ecommerse"/>
  <testcase name="test" time="1.360" classname="restassure.ecommerse"/>
</testsuite> <!-- restassure.ecommerse -->
