<?xml version="1.0" encoding="UTF-8"?>
<!-- Generated by org.testng.reporters.JUnitReportReporter -->
<testsuite hostname="harshi" name="restassure.trello1" tests="1" failures="0" timestamp="15 Nov 2022 09:32:40 GMT" time="9.163" errors="0">
  <testcase name="create" time="9.163" classname="restassure.trello1"/>
</testsuite> <!-- restassure.trello1 -->
