<?xml version="1.0" encoding="UTF-8"?>
<!-- Generated by org.testng.reporters.JUnitReportReporter -->
<testsuite hostname="harshi" name="restassure.googlemapsapi" tests="1" failures="0" timestamp="15 Nov 2022 06:03:29 GMT" time="1.506" errors="0">
  <testcase name="add" time="1.506" classname="restassure.googlemapsapi"/>
</testsuite> <!-- restassure.googlemapsapi -->
