<?xml version="1.0" encoding="UTF-8"?>
<!-- Generated by org.testng.reporters.JUnitReportReporter -->
<testsuite hostname="harshi" name="restassure.api2" tests="5" failures="0" timestamp="14 Nov 2022 10:04:36 GMT" time="18.006" errors="0">
  <testcase name="test2" time="3.062" classname="restassure.api2"/>
  <testcase name="test4" time="0.688" classname="restassure.api2"/>
  <testcase name="test" time="11.976" classname="restassure.api2"/>
  <testcase name="test3" time="1.988" classname="restassure.api2"/>
  <testcase name="test5" time="0.292" classname="restassure.api2"/>
</testsuite> <!-- restassure.api2 -->
